<?xml version="1.0" encoding="UTF-8"?>
<!-- Generated by org.testng.reporters.JUnitXMLReporter -->
<testsuite ignored="27" hostname="LAPTOP-99Q7U8JR" failures="0" tests="1" name="Default test" time="20.533" errors="0" timestamp="2025-10-03T21:02:51 IST">
  <testcase classname="guiElements.GUIElements" name="checkboxes1" time="10.029"/>
  <testcase classname="guiElements.GUIElements" name="simplealert" time="0.0">
    <ignored/>
  </testcase> <!-- simplealert -->
  <testcase classname="guiElements.GUIElements" name="doubleclick" time="0.0">
    <ignored/>
  </testcase> <!-- doubleclick -->
  <testcase classname="guiElements.GUIElements" name="mwindow" time="0.0">
    <ignored/>
  </testcase> <!-- mwindow -->
  <testcase classname="guiElements.GUIElements" name="dragdrop" time="0.0">
    <ignored/>
  </testcase> <!-- dragdrop -->
  <testcase classname="guiElements.GUIElements" name="staticwebtable" time="0.0">
    <ignored/>
  </testcase> <!-- staticwebtable -->
  <testcase classname="guiElements.GUIElements" name="scrollingdropdown" time="0.0">
    <ignored/>
  </testcase> <!-- scrollingdropdown -->
  <testcase classname="guiElements.GUIElements" name="m2dropdowns" time="0.0">
    <ignored/>
  </testcase> <!-- m2dropdowns -->
  <testcase classname="guiElements.GUIElements" name="mouseover" time="0.0">
    <ignored/>
  </testcase> <!-- mouseover -->
  <testcase classname="guiElements.GUIElements" name="brokenlinks" time="0.0">
    <ignored/>
  </testcase> <!-- brokenlinks -->
  <testcase classname="guiElements.GUIElements" name="newtab" time="0.0">
    <ignored/>
  </testcase> <!-- newtab -->
  <testcase classname="guiElements.GUIElements" name="datepicker3" time="0.0">
    <ignored/>
  </testcase> <!-- datepicker3 -->
  <testcase classname="guiElements.GUIElements" name="dropdowns" time="0.0">
    <ignored/>
  </testcase> <!-- dropdowns -->
  <testcase classname="guiElements.GUIElements" name="datepicker1" time="0.0">
    <ignored/>
  </testcase> <!-- datepicker1 -->
  <testcase classname="guiElements.GUIElements" name="scrolling" time="0.0">
    <ignored/>
  </testcase> <!-- scrolling -->
  <testcase classname="guiElements.GUIElements" name="GUIinput" time="0.0">
    <ignored/>
  </testcase> <!-- GUIinput -->
  <testcase classname="guiElements.GUIElements" name="pagination" time="0.0">
    <ignored/>
  </testcase> <!-- pagination -->
  <testcase classname="guiElements.GUIElements" name="confirmation" time="0.0">
    <ignored/>
  </testcase> <!-- confirmation -->
  <testcase classname="guiElements.GUIElements" name="filupload" time="0.0">
    <ignored/>
  </testcase> <!-- filupload -->
  <testcase classname="guiElements.GUIElements" name="slider" time="0.0">
    <ignored/>
  </testcase> <!-- slider -->
  <testcase classname="guiElements.GUIElements" name="popupwindow" time="0.0">
    <ignored/>
  </testcase> <!-- popupwindow -->
  <testcase classname="guiElements.GUIElements" name="m1dropdwons" time="0.0">
    <ignored/>
  </testcase> <!-- m1dropdwons -->
  <testcase classname="guiElements.GUIElements" name="promptalert" time="0.0">
    <ignored/>
  </testcase> <!-- promptalert -->
  <testcase classname="guiElements.GUIElements" name="scrolldown" time="0.0">
    <ignored/>
  </testcase> <!-- scrolldown -->
  <testcase classname="guiElements.GUIElements" name="dynamicbutton" time="0.0">
    <ignored/>
  </testcase> <!-- dynamicbutton -->
  <testcase classname="guiElements.GUIElements" name="checkboxes" time="0.0">
    <ignored/>
  </testcase> <!-- checkboxes -->
  <testcase classname="guiElements.GUIElements" name="radiobuttons" time="0.0">
    <ignored/>
  </testcase> <!-- radiobuttons -->
  <testcase classname="guiElements.GUIElements" name="datepicker2" time="0.0">
    <ignored/>
  </testcase> <!-- datepicker2 -->
</testsuite> <!-- Default test -->
