<?xml version="1.0" encoding="UTF-8"?>
<!-- Generated by org.testng.reporters.JUnitXMLReporter -->
<testsuite ignored="27" hostname="LAPTOP-99Q7U8JR" failures="1" tests="1" name="Sanity Tests" time="0.125" errors="0" timestamp="2025-05-18T16:12:44 IST">
  <testcase classname="guiElements.GUIElements" name="GUIinput" time="0.026">
    <failure type="java.lang.NullPointerException" message="Cannot invoke &amp;quot;org.openqa.selenium.WebDriver.findElement(org.openqa.selenium.By)&amp;quot; because &amp;quot;guiElements.GUIElements.driver&amp;quot; is null">
      <![CDATA[java.lang.NullPointerException: Cannot invoke "org.openqa.selenium.WebDriver.findElement(org.openqa.selenium.By)" because "guiElements.GUIElements.driver" is null
at guiElements.GUIElements.GUIinput(GUIElements.java:47)
at java.base/java.util.ArrayList.forEach(ArrayList.java:1596)
... Removed 25 stack frames]]>
    </failure>
  </testcase> <!-- GUIinput -->
  <testcase classname="guiElements.GUIElements" name="promptalert" time="0.0">
    <ignored/>
  </testcase> <!-- promptalert -->
  <testcase classname="guiElements.GUIElements" name="newtab" time="0.0">
    <ignored/>
  </testcase> <!-- newtab -->
  <testcase classname="guiElements.GUIElements" name="m1dropdwons" time="0.0">
    <ignored/>
  </testcase> <!-- m1dropdwons -->
  <testcase classname="guiElements.GUIElements" name="simplealert" time="0.0">
    <ignored/>
  </testcase> <!-- simplealert -->
  <testcase classname="guiElements.GUIElements" name="slider" time="0.0">
    <ignored/>
  </testcase> <!-- slider -->
  <testcase classname="guiElements.GUIElements" name="test1" time="0.0">
    <ignored/>
  </testcase> <!-- test1 -->
  <testcase classname="guiElements.GUIElements" name="dynamicbutton" time="0.0">
    <ignored/>
  </testcase> <!-- dynamicbutton -->
  <testcase classname="guiElements.GUIElements" name="datepicke2" time="0.0">
    <ignored/>
  </testcase> <!-- datepicke2 -->
  <testcase classname="guiElements.GUIElements" name="checkboxes" time="0.0">
    <ignored/>
  </testcase> <!-- checkboxes -->
  <testcase classname="guiElements.GUIElements" name="doubleclick" time="0.0">
    <ignored/>
  </testcase> <!-- doubleclick -->
  <testcase classname="guiElements.GUIElements" name="statiswebtable" time="0.0">
    <ignored/>
  </testcase> <!-- statiswebtable -->
  <testcase classname="guiElements.GUIElements" name="radiobuttons" time="0.0">
    <ignored/>
  </testcase> <!-- radiobuttons -->
  <testcase classname="guiElements.GUIElements" name="scrollingdropdown" time="0.0">
    <ignored/>
  </testcase> <!-- scrollingdropdown -->
  <testcase classname="guiElements.GUIElements" name="mouseover" time="0.0">
    <ignored/>
  </testcase> <!-- mouseover -->
  <testcase classname="guiElements.GUIElements" name="scrolldown" time="0.0">
    <ignored/>
  </testcase> <!-- scrolldown -->
  <testcase classname="guiElements.GUIElements" name="filupload" time="0.0">
    <ignored/>
  </testcase> <!-- filupload -->
  <testcase classname="guiElements.GUIElements" name="dragdrop" time="0.0">
    <ignored/>
  </testcase> <!-- dragdrop -->
  <testcase classname="guiElements.GUIElements" name="popupwindow" time="0.0">
    <ignored/>
  </testcase> <!-- popupwindow -->
  <testcase classname="guiElements.GUIElements" name="pagination" time="0.0">
    <ignored/>
  </testcase> <!-- pagination -->
  <testcase classname="guiElements.GUIElements" name="brokenlinks" time="0.0">
    <ignored/>
  </testcase> <!-- brokenlinks -->
  <testcase classname="guiElements.GUIElements" name="scrolling" time="0.0">
    <ignored/>
  </testcase> <!-- scrolling -->
  <testcase classname="guiElements.GUIElements" name="datepicker1" time="0.0">
    <ignored/>
  </testcase> <!-- datepicker1 -->
  <testcase classname="guiElements.GUIElements" name="dropdowns" time="0.0">
    <ignored/>
  </testcase> <!-- dropdowns -->
  <testcase classname="guiElements.GUIElements" name="datepicker3" time="0.0">
    <ignored/>
  </testcase> <!-- datepicker3 -->
  <testcase classname="guiElements.GUIElements" name="mwindow" time="0.0">
    <ignored/>
  </testcase> <!-- mwindow -->
  <testcase classname="guiElements.GUIElements" name="m2dropdowns" time="0.0">
    <ignored/>
  </testcase> <!-- m2dropdowns -->
  <testcase classname="guiElements.GUIElements" name="confirmation" time="0.0">
    <ignored/>
  </testcase> <!-- confirmation -->
</testsuite> <!-- Sanity Tests -->
