<?xml version="1.0" encoding="UTF-8"?>
<testng-results ignored="27" total="28" passed="1" failed="0" skipped="0">
  <reporter-output>
  </reporter-output>
  <suite started-at="2025-06-13T16:57:04 IST" name="Default suite" finished-at="2025-06-13T16:57:24 IST" duration-ms="19171">
    <groups>
    </groups>
    <test started-at="2025-06-13T16:57:04 IST" name="Default test" finished-at="2025-06-13T16:57:24 IST" duration-ms="19171">
      <class name="guiElements.GUIElements">
        <test-method is-config="true" signature="setup()[pri:0, instance:guiElements.GUIElements@57250572]" started-at="2025-06-13T16:57:04 IST" name="setup" finished-at="2025-06-13T16:57:12 IST" duration-ms="7952" status="PASS">
          <reporter-output>
          </reporter-output>
        </test-method> <!-- setup -->
        <test-method signature="pagination()[pri:0, instance:guiElements.GUIElements@57250572]" started-at="2025-06-13T16:57:12 IST" name="pagination" finished-at="2025-06-13T16:57:23 IST" duration-ms="10773" status="PASS">
          <reporter-output>
          </reporter-output>
        </test-method> <!-- pagination -->
        <test-method is-config="true" signature="teardown()[pri:0, instance:guiElements.GUIElements@57250572]" started-at="2025-06-13T16:57:23 IST" name="teardown" finished-at="2025-06-13T16:57:24 IST" duration-ms="377" status="PASS">
          <reporter-output>
          </reporter-output>
        </test-method> <!-- teardown -->
      </class> <!-- guiElements.GUIElements -->
    </test> <!-- Default test -->
  </suite> <!-- Default suite -->
</testng-results>
