<?xml version="1.0" encoding="UTF-8"?>
<!-- Generated by org.testng.reporters.JUnitReportReporter -->
<testsuite hostname="LAPTOP-99Q7U8JR" failures="0" tests="2" name="guiElements.GUIElements" time="10.773" errors="0" timestamp="2025-06-13T16:57:24 IST" skipped="1">
  <testcase classname="guiElements.GUIElements" name="pagination" time="10.773"/>
  <testcase classname="guiElements.GUIElements" name="checkboxes1">
    <skipped/>
  </testcase> <!-- checkboxes1 -->
</testsuite> <!-- guiElements.GUIElements -->
